<?xml version="1.0" encoding="UTF-8"?>
<testng-results ignored="0" total="1" passed="1" failed="0" skipped="0">
  <reporter-output>
  </reporter-output>
  <suite started-at="2022-03-28T06:26:13Z" name="Default suite" finished-at="2022-03-28T06:26:13Z" duration-ms="15">
    <groups>
    </groups>
    <test started-at="2022-03-28T06:26:13Z" name="Default test" finished-at="2022-03-28T06:26:13Z" duration-ms="15">
      <class name="Testing_demo.Testng_annotations">
        <test-method is-config="true" signature="test1()[pri:0, instance:Testing_demo.Testng_annotations@710c2b53]" started-at="2022-03-28T06:26:13Z" name="test1" finished-at="2022-03-28T06:26:13Z" duration-ms="6" status="PASS">
          <reporter-output>
          </reporter-output>
        </test-method> <!-- test1 -->
        <test-method is-config="true" signature="test2()[pri:0, instance:Testing_demo.Testng_annotations@710c2b53]" started-at="2022-03-28T06:26:13Z" name="test2" finished-at="2022-03-28T06:26:13Z" duration-ms="0" status="PASS">
          <reporter-output>
          </reporter-output>
        </test-method> <!-- test2 -->
        <test-method is-config="true" signature="test3()[pri:0, instance:Testing_demo.Testng_annotations@710c2b53]" started-at="2022-03-28T06:26:13Z" name="test3" finished-at="2022-03-28T06:26:13Z" duration-ms="1" status="PASS">
          <reporter-output>
          </reporter-output>
        </test-method> <!-- test3 -->
        <test-method signature="test4()[pri:0, instance:Testing_demo.Testng_annotations@710c2b53]" started-at="2022-03-28T06:26:13Z" name="test4" finished-at="2022-03-28T06:26:13Z" duration-ms="3" status="PASS">
          <reporter-output>
          </reporter-output>
        </test-method> <!-- test4 -->
        <test-method is-config="true" signature="test5()[pri:0, instance:Testing_demo.Testng_annotations@710c2b53]" started-at="2022-03-28T06:26:13Z" name="test5" finished-at="2022-03-28T06:26:13Z" duration-ms="0" status="PASS">
          <reporter-output>
          </reporter-output>
        </test-method> <!-- test5 -->
        <test-method is-config="true" signature="tes6t()[pri:0, instance:Testing_demo.Testng_annotations@710c2b53]" started-at="2022-03-28T06:26:13Z" name="tes6t" finished-at="2022-03-28T06:26:13Z" duration-ms="0" status="PASS">
          <reporter-output>
          </reporter-output>
        </test-method> <!-- tes6t -->
        <test-method is-config="true" signature="test8()[pri:0, instance:Testing_demo.Testng_annotations@710c2b53]" started-at="2022-03-28T06:26:13Z" name="test8" finished-at="2022-03-28T06:26:13Z" duration-ms="0" status="PASS">
          <reporter-output>
          </reporter-output>
        </test-method> <!-- test8 -->
      </class> <!-- Testing_demo.Testng_annotations -->
    </test> <!-- Default test -->
  </suite> <!-- Default suite -->
</testng-results>
